<?xml version="1.0" encoding="UTF-8"?>
<robot generator="Robot 4.1.1 (Python 3.9.7 on darwin)" generated="20210914 18:39:21.382" rpa="false" schemaversion="2">
<suite id="s1" name="Addtocart" source="/Users/dananjoyo_h/Desktop/Simplisafe/test/addtocart.robot">
<test id="s1-t1" name="REG_01 - Verify User is able to open Homepage">
<kw name="Open Browser to the Home pages" library="DriverBuilder" type="SETUP">
<arg>https://us.qa.commerce.simplisafe.com/</arg>
<kw name="Run Keyword If" library="BuiltIn">
<arg>'${RemoteStatus}' == 'True'</arg>
<arg>Open Browser Remote Url</arg>
<arg>${url}</arg>
<arg>ELSE</arg>
<arg>Open Browser Non Remote Url</arg>
<arg>${url}</arg>
<doc>Runs the given keyword with the given arguments, if ``condition`` is true.</doc>
<kw name="Open Browser Non Remote Url" library="DriverBuilder">
<arg>${url}</arg>
<kw name="Open Browser" library="SeleniumLibrary">
<arg>${url}</arg>
<arg>Chrome</arg>
<doc>Opens a new browser instance to the optional ``url``.</doc>
<msg timestamp="20210914 18:39:22.342" level="INFO">Opening browser 'Chrome' to base url 'https://us.qa.commerce.simplisafe.com/'.</msg>
<status status="PASS" starttime="20210914 18:39:22.342" endtime="20210914 18:40:06.050"/>
</kw>
<kw name="Set Window Size" library="SeleniumLibrary">
<arg>1350</arg>
<arg>900</arg>
<doc>Sets current windows size to given ``width`` and ``height``.</doc>
<status status="PASS" starttime="20210914 18:40:06.051" endtime="20210914 18:40:06.239"/>
</kw>
<status status="PASS" starttime="20210914 18:39:22.341" endtime="20210914 18:40:06.240"/>
</kw>
<status status="PASS" starttime="20210914 18:39:22.340" endtime="20210914 18:40:06.240"/>
</kw>
<status status="PASS" starttime="20210914 18:39:22.339" endtime="20210914 18:40:06.240"/>
</kw>
<kw name="Verify Simplisafe Homepage" library="homepage">
<kw name="Wait Until Element Is Visible" library="SeleniumLibrary">
<arg>${simplilogo}</arg>
<arg>20s</arg>
<arg>Simplisafe Logo is not displayed</arg>
<doc>Waits until the element ``locator`` is visible.</doc>
<status status="PASS" starttime="20210914 18:40:06.242" endtime="20210914 18:40:06.285"/>
</kw>
<kw name="Sleep" library="BuiltIn">
<arg>${QuickDelay}</arg>
<doc>Pauses the test executed for the given time.</doc>
<msg timestamp="20210914 18:40:07.292" level="INFO">Slept 1 second</msg>
<status status="PASS" starttime="20210914 18:40:06.286" endtime="20210914 18:40:07.295"/>
</kw>
<status status="PASS" starttime="20210914 18:40:06.241" endtime="20210914 18:40:07.296"/>
</kw>
<kw name="Verify Shop Now Button" library="homepage">
<kw name="Element Should Be Visible" library="SeleniumLibrary">
<arg>${shopnowbtn}</arg>
<arg>Shop Now Button is not displayed</arg>
<doc>Verifies that the element identified by ``locator`` is visible.</doc>
<msg timestamp="20210914 18:40:08.066" level="INFO">Element 'xpath://*[@id="gatsby-focus-wrapper"]/span/div/header/nav[2]/a[2]' is displayed.</msg>
<status status="PASS" starttime="20210914 18:40:07.299" endtime="20210914 18:40:08.067"/>
</kw>
<kw name="Sleep" library="BuiltIn">
<arg>${QuickDelay}</arg>
<doc>Pauses the test executed for the given time.</doc>
<msg timestamp="20210914 18:40:09.068" level="INFO">Slept 1 second</msg>
<status status="PASS" starttime="20210914 18:40:08.067" endtime="20210914 18:40:09.068"/>
</kw>
<status status="PASS" starttime="20210914 18:40:07.297" endtime="20210914 18:40:09.069"/>
</kw>
<kw name="Click Shop Now Button" library="homepage">
<kw name="Click Element" library="SeleniumLibrary">
<arg>${shopnowbtn}</arg>
<doc>Click the element identified by ``locator``.</doc>
<msg timestamp="20210914 18:40:09.073" level="INFO">Clicking element 'xpath://*[@id="gatsby-focus-wrapper"]/span/div/header/nav[2]/a[2]'.</msg>
<status status="PASS" starttime="20210914 18:40:09.073" endtime="20210914 18:40:09.633"/>
</kw>
<kw name="Sleep" library="BuiltIn">
<arg>${QuickDelay}</arg>
<doc>Pauses the test executed for the given time.</doc>
<msg timestamp="20210914 18:40:10.636" level="INFO">Slept 1 second</msg>
<status status="PASS" starttime="20210914 18:40:09.634" endtime="20210914 18:40:10.636"/>
</kw>
<status status="PASS" starttime="20210914 18:40:09.070" endtime="20210914 18:40:10.637"/>
</kw>
<kw name="Verify CLP" library="clp">
<kw name="Wait Until Element Is Visible" library="SeleniumLibrary">
<arg>${shoppackagescard}</arg>
<arg>20s</arg>
<arg>Shop Packages Card is not displayed</arg>
<doc>Waits until the element ``locator`` is visible.</doc>
<status status="PASS" starttime="20210914 18:40:10.639" endtime="20210914 18:40:10.696"/>
</kw>
<kw name="Sleep" library="BuiltIn">
<arg>${QuickDelay}</arg>
<doc>Pauses the test executed for the given time.</doc>
<msg timestamp="20210914 18:40:11.698" level="INFO">Slept 1 second</msg>
<status status="PASS" starttime="20210914 18:40:10.697" endtime="20210914 18:40:11.699"/>
</kw>
<status status="PASS" starttime="20210914 18:40:10.637" endtime="20210914 18:40:11.699"/>
</kw>
<kw name="Verify Shop Packages Button" library="clp">
<kw name="Element Should Be Visible" library="SeleniumLibrary">
<arg>${shoppackagesbtn}</arg>
<arg>Shop Packages Button is not displayed</arg>
<doc>Verifies that the element identified by ``locator`` is visible.</doc>
<msg timestamp="20210914 18:40:11.776" level="INFO">Element 'xpath://*[@id="gatsby-focus-wrapper"]/span/div/main/section[1]/div/div[2]/div/div[3]/div/a' is displayed.</msg>
<status status="PASS" starttime="20210914 18:40:11.703" endtime="20210914 18:40:11.776"/>
</kw>
<kw name="Sleep" library="BuiltIn">
<arg>${QuickDelay}</arg>
<doc>Pauses the test executed for the given time.</doc>
<msg timestamp="20210914 18:40:12.779" level="INFO">Slept 1 second</msg>
<status status="PASS" starttime="20210914 18:40:11.777" endtime="20210914 18:40:12.779"/>
</kw>
<status status="PASS" starttime="20210914 18:40:11.701" endtime="20210914 18:40:12.780"/>
</kw>
<kw name="Click Shop Packages Button" library="clp">
<kw name="Set Focus To Element" library="SeleniumLibrary">
<arg>${shoppackagesbtn}</arg>
<doc>Sets the focus to the element identified by ``locator``.</doc>
<status status="PASS" starttime="20210914 18:40:12.781" endtime="20210914 18:40:12.856"/>
</kw>
<kw name="Click Element" library="SeleniumLibrary">
<arg>${shoppackagesbtn}</arg>
<doc>Click the element identified by ``locator``.</doc>
<msg timestamp="20210914 18:40:12.857" level="INFO">Clicking element 'xpath://*[@id="gatsby-focus-wrapper"]/span/div/main/section[1]/div/div[2]/div/div[3]/div/a'.</msg>
<status status="PASS" starttime="20210914 18:40:12.856" endtime="20210914 18:40:20.425"/>
</kw>
<kw name="Sleep" library="BuiltIn">
<arg>${QuickDelay}</arg>
<doc>Pauses the test executed for the given time.</doc>
<msg timestamp="20210914 18:40:21.428" level="INFO">Slept 1 second</msg>
<status status="PASS" starttime="20210914 18:40:20.426" endtime="20210914 18:40:21.428"/>
</kw>
<status status="PASS" starttime="20210914 18:40:12.781" endtime="20210914 18:40:21.428"/>
</kw>
<kw name="Verify Package" library="plp">
<kw name="Wait Until Element Is Visible" library="SeleniumLibrary">
<arg>${havencard}</arg>
<arg>20s</arg>
<arg>Package PLP is not displayed</arg>
<doc>Waits until the element ``locator`` is visible.</doc>
<status status="PASS" starttime="20210914 18:40:21.430" endtime="20210914 18:40:21.465"/>
</kw>
<kw name="Sleep" library="BuiltIn">
<arg>${QuickDelay}</arg>
<doc>Pauses the test executed for the given time.</doc>
<msg timestamp="20210914 18:40:22.467" level="INFO">Slept 1 second</msg>
<status status="PASS" starttime="20210914 18:40:21.466" endtime="20210914 18:40:22.467"/>
</kw>
<status status="PASS" starttime="20210914 18:40:21.429" endtime="20210914 18:40:22.468"/>
</kw>
<kw name="Verify See Details Button on Haven Product" library="plp">
<kw name="Element Should Be Visible" library="SeleniumLibrary">
<arg>${seedetailsbtn}</arg>
<arg>See Details Button is not displayed</arg>
<doc>Verifies that the element identified by ``locator`` is visible.</doc>
<msg timestamp="20210914 18:40:22.498" level="INFO">Element 'xpath://*[@id="gatsby-focus-wrapper"]/span/div/main/section[2]/div/div[2]/div[3]/div[2]/a/div' is displayed.</msg>
<status status="PASS" starttime="20210914 18:40:22.469" endtime="20210914 18:40:22.498"/>
</kw>
<kw name="Sleep" library="BuiltIn">
<arg>${QuickDelay}</arg>
<doc>Pauses the test executed for the given time.</doc>
<msg timestamp="20210914 18:40:23.557" level="INFO">Slept 1 second</msg>
<status status="PASS" starttime="20210914 18:40:22.556" endtime="20210914 18:40:23.557"/>
</kw>
<status status="PASS" starttime="20210914 18:40:22.468" endtime="20210914 18:40:23.558"/>
</kw>
<kw name="Click See Details Button on Haven Product" library="plp">
<kw name="Set Focus To Element" library="SeleniumLibrary">
<arg>${seedetailsbtn}</arg>
<doc>Sets the focus to the element identified by ``locator``.</doc>
<status status="PASS" starttime="20210914 18:40:23.559" endtime="20210914 18:40:23.574"/>
</kw>
<kw name="Click Element" library="SeleniumLibrary">
<arg>${seedetailsbtn}</arg>
<doc>Click the element identified by ``locator``.</doc>
<msg timestamp="20210914 18:40:23.575" level="INFO">Clicking element 'xpath://*[@id="gatsby-focus-wrapper"]/span/div/main/section[2]/div/div[2]/div[3]/div[2]/a/div'.</msg>
<status status="PASS" starttime="20210914 18:40:23.575" endtime="20210914 18:40:23.764"/>
</kw>
<kw name="Sleep" library="BuiltIn">
<arg>${QuickDelay}</arg>
<doc>Pauses the test executed for the given time.</doc>
<msg timestamp="20210914 18:40:24.766" level="INFO">Slept 1 second</msg>
<status status="PASS" starttime="20210914 18:40:23.764" endtime="20210914 18:40:24.766"/>
</kw>
<status status="PASS" starttime="20210914 18:40:23.558" endtime="20210914 18:40:24.767"/>
</kw>
<kw name="Verify Haven PDP" library="havenpdp">
<kw name="Wait Until Element Is Visible" library="SeleniumLibrary">
<arg>${haventitle}</arg>
<arg>20s</arg>
<arg>Haven PDP is not displayed</arg>
<doc>Waits until the element ``locator`` is visible.</doc>
<status status="PASS" starttime="20210914 18:40:24.768" endtime="20210914 18:40:25.795"/>
</kw>
<kw name="Element Text Should Be" library="SeleniumLibrary">
<arg>${haventitle}</arg>
<arg>The Haven</arg>
<arg>PDP Title is not The Haven</arg>
<doc>Verifies that element ``locator`` contains exact the text ``expected``.</doc>
<msg timestamp="20210914 18:40:25.796" level="INFO">Verifying element 'xpath://*[@id="gatsby-focus-wrapper"]/span/div/main/section[1]/div[1]/div[2]/div/h1' contains exact text 'The Haven'.</msg>
<status status="PASS" starttime="20210914 18:40:25.795" endtime="20210914 18:40:25.859"/>
</kw>
<kw name="Sleep" library="BuiltIn">
<arg>${QuickDelay}</arg>
<doc>Pauses the test executed for the given time.</doc>
<msg timestamp="20210914 18:40:26.862" level="INFO">Slept 1 second</msg>
<status status="PASS" starttime="20210914 18:40:25.860" endtime="20210914 18:40:26.863"/>
</kw>
<status status="PASS" starttime="20210914 18:40:24.767" endtime="20210914 18:40:26.863"/>
</kw>
<kw name="Verify Add To Cart Button on Haven Product" library="havenpdp">
<kw name="Element Should Be Visible" library="SeleniumLibrary">
<arg>${addtocartbtn}</arg>
<arg>Add To Cart is not displayed</arg>
<doc>Verifies that the element identified by ``locator`` is visible.</doc>
<msg timestamp="20210914 18:40:26.910" level="INFO">Element 'xpath://*[@id="gatsby-focus-wrapper"]/span/div/main/section[1]/div[1]/div[2]/div/div[5]/button' is displayed.</msg>
<status status="PASS" starttime="20210914 18:40:26.865" endtime="20210914 18:40:26.910"/>
</kw>
<kw name="Sleep" library="BuiltIn">
<arg>${QuickDelay}</arg>
<doc>Pauses the test executed for the given time.</doc>
<msg timestamp="20210914 18:40:27.912" level="INFO">Slept 1 second</msg>
<status status="PASS" starttime="20210914 18:40:26.911" endtime="20210914 18:40:27.913"/>
</kw>
<status status="PASS" starttime="20210914 18:40:26.864" endtime="20210914 18:40:27.913"/>
</kw>
<kw name="Click Add To Cart Button on Haven Product" library="havenpdp">
<kw name="Click Element" library="SeleniumLibrary">
<arg>${addtocartbtn}</arg>
<doc>Click the element identified by ``locator``.</doc>
<msg timestamp="20210914 18:40:27.914" level="INFO">Clicking element 'xpath://*[@id="gatsby-focus-wrapper"]/span/div/main/section[1]/div[1]/div[2]/div/div[5]/button'.</msg>
<status status="PASS" starttime="20210914 18:40:27.914" endtime="20210914 18:40:28.341"/>
</kw>
<kw name="Sleep" library="BuiltIn">
<arg>${QuickDelay}</arg>
<doc>Pauses the test executed for the given time.</doc>
<msg timestamp="20210914 18:40:29.343" level="INFO">Slept 1 second</msg>
<status status="PASS" starttime="20210914 18:40:28.342" endtime="20210914 18:40:29.343"/>
</kw>
<status status="PASS" starttime="20210914 18:40:27.913" endtime="20210914 18:40:29.343"/>
</kw>
<kw name="Verify Package" library="cart">
<kw name="Wait Until Element Is Visible" library="SeleniumLibrary">
<arg>${packagename}</arg>
<arg>20s</arg>
<arg>Haven is not displayed</arg>
<doc>Waits until the element ``locator`` is visible.</doc>
<status status="PASS" starttime="20210914 18:40:29.344" endtime="20210914 18:40:31.327"/>
</kw>
<kw name="Element Text Should Be" library="SeleniumLibrary">
<arg>${packagename}</arg>
<arg>Haven</arg>
<arg>Package Name is not Haven</arg>
<doc>Verifies that element ``locator`` contains exact the text ``expected``.</doc>
<msg timestamp="20210914 18:40:31.328" level="INFO">Verifying element 'xpath://*[@id="gatsby-focus-wrapper"]/span/div/main/section[2]/div/div[3]/div[2]/div[1]/div[2]/span' contains exact text 'Haven'.</msg>
<status status="PASS" starttime="20210914 18:40:31.328" endtime="20210914 18:40:31.365"/>
</kw>
<kw name="Element Text Should Be" library="SeleniumLibrary">
<arg>${packageqty}</arg>
<arg>1</arg>
<arg>Package Quantity is not 1</arg>
<doc>Verifies that element ``locator`` contains exact the text ``expected``.</doc>
<msg timestamp="20210914 18:40:31.367" level="INFO">Verifying element 'xpath://*[@id="gatsby-focus-wrapper"]/span/div/main/section[2]/div/div[3]/div[2]/div[1]/div[1]/div/span' contains exact text '1'.</msg>
<status status="PASS" starttime="20210914 18:40:31.366" endtime="20210914 18:40:31.413"/>
</kw>
<kw name="Element Text Should Be" library="SeleniumLibrary">
<arg>${packageprice}</arg>
<arg>$489.86</arg>
<arg>Package Price is not $489.86</arg>
<doc>Verifies that element ``locator`` contains exact the text ``expected``.</doc>
<msg timestamp="20210914 18:40:31.415" level="INFO">Verifying element 'xpath://*[@id="gatsby-focus-wrapper"]/span/div/main/section[2]/div/div[3]/div[2]/div[1]/div[3]/span' contains exact text '$489.86'.</msg>
<status status="PASS" starttime="20210914 18:40:31.414" endtime="20210914 18:40:31.462"/>
</kw>
<kw name="Sleep" library="BuiltIn">
<arg>${QuickDelay}</arg>
<doc>Pauses the test executed for the given time.</doc>
<msg timestamp="20210914 18:40:32.466" level="INFO">Slept 1 second</msg>
<status status="PASS" starttime="20210914 18:40:31.463" endtime="20210914 18:40:32.466"/>
</kw>
<status status="PASS" starttime="20210914 18:40:29.344" endtime="20210914 18:40:32.466"/>
</kw>
<kw name="Verify Monitoring Plan" library="cart">
<kw name="Wait Until Element Is Visible" library="SeleniumLibrary">
<arg>${monitoringname}</arg>
<arg>20s</arg>
<arg>Monitoring is not displayed</arg>
<doc>Waits until the element ``locator`` is visible.</doc>
<status status="PASS" starttime="20210914 18:40:32.467" endtime="20210914 18:40:32.498"/>
</kw>
<kw name="Element Text Should Be" library="SeleniumLibrary">
<arg>${monitoringname}</arg>
<arg>Interactive Alarm Monitoring</arg>
<arg>Monitoring Name is not Interactive Alarm Monitoring</arg>
<doc>Verifies that element ``locator`` contains exact the text ``expected``.</doc>
<msg timestamp="20210914 18:40:32.499" level="INFO">Verifying element 'xpath://*[@id="gatsby-focus-wrapper"]/span/div/main/section[2]/div/div[3]/div[2]/div[2]/div[2]/span' contains exact text 'Interactive Alarm Monitoring'.</msg>
<status status="PASS" starttime="20210914 18:40:32.498" endtime="20210914 18:40:32.522"/>
</kw>
<kw name="Element Text Should Be" library="SeleniumLibrary">
<arg>${monitoringqty}</arg>
<arg>1x</arg>
<arg>Monitoring Quantity is not 1x</arg>
<doc>Verifies that element ``locator`` contains exact the text ``expected``.</doc>
<msg timestamp="20210914 18:40:32.523" level="INFO">Verifying element 'xpath://*[@id="gatsby-focus-wrapper"]/span/div/main/section[2]/div/div[3]/div[2]/div[2]/div[1]/span' contains exact text '1x'.</msg>
<status status="PASS" starttime="20210914 18:40:32.523" endtime="20210914 18:40:32.557"/>
</kw>
<kw name="Element Text Should Be" library="SeleniumLibrary">
<arg>${monitoringprice}</arg>
<arg>$0.00</arg>
<arg>Monitoring Price is not $0.00</arg>
<doc>Verifies that element ``locator`` contains exact the text ``expected``.</doc>
<msg timestamp="20210914 18:40:32.558" level="INFO">Verifying element 'xpath://*[@id="gatsby-focus-wrapper"]/span/div/main/section[2]/div/div[3]/div[2]/div[2]/div[3]/span' contains exact text '$0.00'.</msg>
<status status="PASS" starttime="20210914 18:40:32.557" endtime="20210914 18:40:32.593"/>
</kw>
<kw name="Sleep" library="BuiltIn">
<arg>${QuickDelay}</arg>
<doc>Pauses the test executed for the given time.</doc>
<msg timestamp="20210914 18:40:33.596" level="INFO">Slept 1 second</msg>
<status status="PASS" starttime="20210914 18:40:32.594" endtime="20210914 18:40:33.596"/>
</kw>
<status status="PASS" starttime="20210914 18:40:32.467" endtime="20210914 18:40:33.597"/>
</kw>
<kw name="Verify Shipping Placeholder" library="cart">
<kw name="Wait Until Element Is Visible" library="SeleniumLibrary">
<arg>${shippingplaceholder}</arg>
<arg>20s</arg>
<arg>Shipping Placeholder is not displayed</arg>
<doc>Waits until the element ``locator`` is visible.</doc>
<status status="PASS" starttime="20210914 18:40:33.598" endtime="20210914 18:40:33.627"/>
</kw>
<kw name="Element Text Should Be" library="SeleniumLibrary">
<arg>${shippingplaceholder}</arg>
<arg>Free Shipping (5-7 business days)</arg>
<arg>Shipping Placeholder is not Free Shipping (5-7 business days)</arg>
<doc>Verifies that element ``locator`` contains exact the text ``expected``.</doc>
<msg timestamp="20210914 18:40:33.628" level="INFO">Verifying element 'xpath://*[@id="gatsby-focus-wrapper"]/span/div/main/section[2]/div/div[3]/div[2]/div[3]/div[2]/span' contains exact text 'Free Shipping (5-7 business days)'.</msg>
<status status="PASS" starttime="20210914 18:40:33.627" endtime="20210914 18:40:33.651"/>
</kw>
<status status="PASS" starttime="20210914 18:40:33.597" endtime="20210914 18:40:33.651"/>
</kw>
<kw name="Verify Promo Code" library="cart">
<kw name="Wait Until Element Is Visible" library="SeleniumLibrary">
<arg>${promocode}</arg>
<arg>20s</arg>
<arg>Applied Promo Code is not displayed</arg>
<doc>Waits until the element ``locator`` is visible.</doc>
<status status="PASS" starttime="20210914 18:40:33.652" endtime="20210914 18:40:33.683"/>
</kw>
<kw name="Element Text Should Be" library="SeleniumLibrary">
<arg>${promocode}</arg>
<arg>NEW45SYSTEM Discount Applied</arg>
<arg>Monitoring Name is not NEW45SYSTEM Discount Applied</arg>
<doc>Verifies that element ``locator`` contains exact the text ``expected``.</doc>
<msg timestamp="20210914 18:40:33.684" level="INFO">Verifying element 'xpath://*[@id="gatsby-focus-wrapper"]/span/div/main/section[2]/div/div[3]/div[2]/div[4]/div[2]/span' contains exact text 'NEW45SYSTEM Discount Applied'.</msg>
<status status="PASS" starttime="20210914 18:40:33.683" endtime="20210914 18:40:33.706"/>
</kw>
<kw name="Element Text Should Be" library="SeleniumLibrary">
<arg>${promodiscount}</arg>
<arg>-$220.44</arg>
<arg>Promo Discount is not -$220.44</arg>
<doc>Verifies that element ``locator`` contains exact the text ``expected``.</doc>
<msg timestamp="20210914 18:40:33.707" level="INFO">Verifying element 'xpath://*[@id="gatsby-focus-wrapper"]/span/div/main/section[2]/div/div[3]/div[2]/div[4]/div[3]/span' contains exact text '-$220.44'.</msg>
<status status="PASS" starttime="20210914 18:40:33.707" endtime="20210914 18:40:33.739"/>
</kw>
<kw name="Sleep" library="BuiltIn">
<arg>${QuickDelay}</arg>
<doc>Pauses the test executed for the given time.</doc>
<msg timestamp="20210914 18:40:34.740" level="INFO">Slept 1 second</msg>
<status status="PASS" starttime="20210914 18:40:33.739" endtime="20210914 18:40:34.740"/>
</kw>
<status status="PASS" starttime="20210914 18:40:33.652" endtime="20210914 18:40:34.741"/>
</kw>
<kw name="Verify Subtotal" library="cart">
<kw name="Wait Until Element Is Visible" library="SeleniumLibrary">
<arg>${subtotal}</arg>
<arg>20s</arg>
<arg>Subtotal is not displayed</arg>
<doc>Waits until the element ``locator`` is visible.</doc>
<status status="PASS" starttime="20210914 18:40:34.742" endtime="20210914 18:40:34.772"/>
</kw>
<kw name="Element Text Should Be" library="SeleniumLibrary">
<arg>${subtotal}</arg>
<arg>$269.42</arg>
<arg>Shipping Placeholder is not $269.42</arg>
<doc>Verifies that element ``locator`` contains exact the text ``expected``.</doc>
<msg timestamp="20210914 18:40:34.773" level="INFO">Verifying element 'xpath://*[@id="gatsby-focus-wrapper"]/span/div/main/section[2]/div/div[3]/div[2]/div[6]/div/h4/span' contains exact text '$269.42'.</msg>
<status status="PASS" starttime="20210914 18:40:34.772" endtime="20210914 18:40:34.797"/>
</kw>
<status status="PASS" starttime="20210914 18:40:34.741" endtime="20210914 18:40:34.798"/>
</kw>
<kw name="Verify Secure Checkout Button" library="cart">
<kw name="Wait Until Element Is Visible" library="SeleniumLibrary">
<arg>${securecheckoutbtn}</arg>
<arg>20s</arg>
<arg>Secure Checkout Button is not displayed</arg>
<doc>Waits until the element ``locator`` is visible.</doc>
<status status="PASS" starttime="20210914 18:40:34.799" endtime="20210914 18:40:34.829"/>
</kw>
<kw name="Sleep" library="BuiltIn">
<arg>${QuickDelay}</arg>
<doc>Pauses the test executed for the given time.</doc>
<msg timestamp="20210914 18:40:35.831" level="INFO">Slept 1 second</msg>
<status status="PASS" starttime="20210914 18:40:34.829" endtime="20210914 18:40:35.831"/>
</kw>
<status status="PASS" starttime="20210914 18:40:34.798" endtime="20210914 18:40:35.832"/>
</kw>
<kw name="Click Secure Checkout Button" library="cart">
<kw name="Click Element" library="SeleniumLibrary">
<arg>${securecheckoutbtn}</arg>
<doc>Click the element identified by ``locator``.</doc>
<msg timestamp="20210914 18:40:35.833" level="INFO">Clicking element 'xpath://*[@id="gatsby-focus-wrapper"]/span/div/main/section[2]/div/div[3]/div[3]/div/a'.</msg>
<status status="PASS" starttime="20210914 18:40:35.833" endtime="20210914 18:40:40.556"/>
</kw>
<kw name="Sleep" library="BuiltIn">
<arg>${QuickDelay}</arg>
<doc>Pauses the test executed for the given time.</doc>
<msg timestamp="20210914 18:40:41.557" level="INFO">Slept 1 second</msg>
<status status="PASS" starttime="20210914 18:40:40.556" endtime="20210914 18:40:41.557"/>
</kw>
<status status="PASS" starttime="20210914 18:40:35.832" endtime="20210914 18:40:41.558"/>
</kw>
<kw name="Verify Order Summary" library="shipping">
<kw name="Wait Until Element Is Visible" library="SeleniumLibrary">
<arg>${ordersummary}</arg>
<arg>20s</arg>
<arg>Order Summary is not displayed</arg>
<doc>Waits until the element ``locator`` is visible.</doc>
<status status="PASS" starttime="20210914 18:40:41.559" endtime="20210914 18:40:43.231"/>
</kw>
<kw name="Sleep" library="BuiltIn">
<arg>${QuickDelay}</arg>
<doc>Pauses the test executed for the given time.</doc>
<msg timestamp="20210914 18:40:44.234" level="INFO">Slept 1 second</msg>
<status status="PASS" starttime="20210914 18:40:43.231" endtime="20210914 18:40:44.235"/>
</kw>
<status status="PASS" starttime="20210914 18:40:41.558" endtime="20210914 18:40:44.235"/>
</kw>
<kw name="Enter Fields" library="shipping">
<kw name="Input Text" library="SeleniumLibrary">
<arg>${emailfield}</arg>
<arg>${email}</arg>
<doc>Types the given ``text`` into the text field identified by ``locator``.</doc>
<msg timestamp="20210914 18:40:44.237" level="INFO">Typing text 'dananjoyo.helyudanto@simplisafe.com' into text field 'xpath://*[@id="Input-1"]'.</msg>
<status status="PASS" starttime="20210914 18:40:44.236" endtime="20210914 18:40:46.223"/>
</kw>
<kw name="Input Text" library="SeleniumLibrary">
<arg>${fnamefield}</arg>
<arg>${fname}</arg>
<doc>Types the given ``text`` into the text field identified by ``locator``.</doc>
<msg timestamp="20210914 18:40:46.224" level="INFO">Typing text 'Carl' into text field 'xpath://*[@id="Input-3"]'.</msg>
<status status="PASS" starttime="20210914 18:40:46.223" endtime="20210914 18:40:46.410"/>
</kw>
<kw name="Input Text" library="SeleniumLibrary">
<arg>${lnamefield}</arg>
<arg>${lname}</arg>
<doc>Types the given ``text`` into the text field identified by ``locator``.</doc>
<msg timestamp="20210914 18:40:46.411" level="INFO">Typing text 'Johnson' into text field 'xpath://*[@id="Input-4"]'.</msg>
<status status="PASS" starttime="20210914 18:40:46.410" endtime="20210914 18:40:46.554"/>
</kw>
<kw name="Input Text" library="SeleniumLibrary">
<arg>${streetfield}</arg>
<arg>${street}</arg>
<doc>Types the given ``text`` into the text field identified by ``locator``.</doc>
<msg timestamp="20210914 18:40:46.555" level="INFO">Typing text '2783 Gordon Street' into text field 'xpath://*[@id="Input-5"]'.</msg>
<status status="PASS" starttime="20210914 18:40:46.555" endtime="20210914 18:40:46.831"/>
</kw>
<kw name="Input Text" library="SeleniumLibrary">
<arg>${cityfield}</arg>
<arg>${city}</arg>
<doc>Types the given ``text`` into the text field identified by ``locator``.</doc>
<msg timestamp="20210914 18:40:46.833" level="INFO">Typing text 'Los Angeles' into text field 'xpath://*[@id="Input-7"]'.</msg>
<status status="PASS" starttime="20210914 18:40:46.832" endtime="20210914 18:40:47.057"/>
</kw>
<kw name="Select From List By Value" library="SeleniumLibrary">
<arg>name:state</arg>
<arg>${state}</arg>
<doc>Selects options from selection list ``locator`` by ``values``.</doc>
<msg timestamp="20210914 18:40:47.058" level="INFO">Selecting options from selection list 'name:state' by value CA.</msg>
<status status="PASS" starttime="20210914 18:40:47.057" endtime="20210914 18:40:47.198"/>
</kw>
<kw name="Input Text" library="SeleniumLibrary">
<arg>${postalfield}</arg>
<arg>${postal}</arg>
<doc>Types the given ``text`` into the text field identified by ``locator``.</doc>
<msg timestamp="20210914 18:40:47.200" level="INFO">Typing text '90017' into text field 'xpath://*[@id="Input-8"]'.</msg>
<status status="PASS" starttime="20210914 18:40:47.199" endtime="20210914 18:40:47.785"/>
</kw>
<kw name="Input Text" library="SeleniumLibrary">
<arg>${phonefield}</arg>
<arg>${phone}</arg>
<doc>Types the given ``text`` into the text field identified by ``locator``.</doc>
<msg timestamp="20210914 18:40:47.788" level="INFO">Typing text '9095699591' into text field 'xpath://*[@id="Input-9"]'.</msg>
<status status="PASS" starttime="20210914 18:40:47.786" endtime="20210914 18:40:48.064"/>
</kw>
<status status="PASS" starttime="20210914 18:40:44.235" endtime="20210914 18:40:48.065"/>
</kw>
<kw name="Click Next Payment Button" library="shipping">
<kw name="Wait Until Element Is Visible" library="SeleniumLibrary">
<arg>${shipopt}</arg>
<arg>20s</arg>
<arg>Shipping Option is not displayed</arg>
<doc>Waits until the element ``locator`` is visible.</doc>
<status status="PASS" starttime="20210914 18:40:48.066" endtime="20210914 18:40:50.216"/>
</kw>
<kw name="Sleep" library="BuiltIn">
<arg>15</arg>
<doc>Pauses the test executed for the given time.</doc>
<msg timestamp="20210914 18:41:05.217" level="INFO">Slept 15 seconds</msg>
<status status="PASS" starttime="20210914 18:40:50.216" endtime="20210914 18:41:05.217"/>
</kw>
<kw name="Click Element" library="SeleniumLibrary">
<arg>${nextpaybtn}</arg>
<doc>Click the element identified by ``locator``.</doc>
<msg timestamp="20210914 18:41:05.219" level="INFO">Clicking element 'xpath://*[@id="gatsby-focus-wrapper"]/span/div/main/section[2]/div/div[6]/div/div/button/span'.</msg>
<status status="PASS" starttime="20210914 18:41:05.218" endtime="20210914 18:41:05.455"/>
</kw>
<status status="PASS" starttime="20210914 18:40:48.065" endtime="20210914 18:41:05.456"/>
</kw>
<kw name="Verify Payment Page" library="payment">
<kw name="Wait Until Element Is Visible" library="SeleniumLibrary">
<arg>${iframe}</arg>
<arg>20s</arg>
<arg>Payment Page is not displayed</arg>
<doc>Waits until the element ``locator`` is visible.</doc>
<status status="PASS" starttime="20210914 18:41:05.458" endtime="20210914 18:41:08.260"/>
</kw>
<kw name="Sleep" library="BuiltIn">
<arg>${QuickDelay}</arg>
<doc>Pauses the test executed for the given time.</doc>
<msg timestamp="20210914 18:41:09.261" level="INFO">Slept 1 second</msg>
<status status="PASS" starttime="20210914 18:41:08.260" endtime="20210914 18:41:09.262"/>
</kw>
<status status="PASS" starttime="20210914 18:41:05.457" endtime="20210914 18:41:09.262"/>
</kw>
<kw name="Enter Fields" library="payment">
<kw name="Sleep" library="BuiltIn">
<arg>15</arg>
<doc>Pauses the test executed for the given time.</doc>
<msg timestamp="20210914 18:41:24.264" level="INFO">Slept 15 seconds</msg>
<status status="PASS" starttime="20210914 18:41:09.264" endtime="20210914 18:41:24.265"/>
</kw>
<kw name="Select Frame" library="SeleniumLibrary">
<arg>xpath://*[@id="gatsby-focus-wrapper"]/span/div/main/section[3]/div/iframe</arg>
<doc>Sets frame identified by ``locator`` as the current frame.</doc>
<msg timestamp="20210914 18:41:24.265" level="INFO">Selecting frame 'xpath://*[@id="gatsby-focus-wrapper"]/span/div/main/section[3]/div/iframe'.</msg>
<status status="PASS" starttime="20210914 18:41:24.265" endtime="20210914 18:41:24.345"/>
</kw>
<kw name="Input Text" library="SeleniumLibrary">
<arg>${ccnumberfield}</arg>
<arg>${ccnumber}</arg>
<doc>Types the given ``text`` into the text field identified by ``locator``.</doc>
<msg timestamp="20210914 18:41:24.346" level="INFO">Typing text '4788250000028291' into text field 'xpath://*[@id="ccNumber"]'.</msg>
<status status="PASS" starttime="20210914 18:41:24.345" endtime="20210914 18:41:24.543"/>
</kw>
<kw name="Input Text" library="SeleniumLibrary">
<arg>${cvcfield}</arg>
<arg>${cvc}</arg>
<doc>Types the given ``text`` into the text field identified by ``locator``.</doc>
<msg timestamp="20210914 18:41:24.545" level="INFO">Typing text '554' into text field 'xpath://*[@id="CVV2"]'.</msg>
<status status="PASS" starttime="20210914 18:41:24.544" endtime="20210914 18:41:24.659"/>
</kw>
<kw name="Select From List By Index" library="SeleniumLibrary">
<arg>id:expMonth</arg>
<arg>10</arg>
<doc>Selects options from selection list ``locator`` by ``indexes``.</doc>
<msg timestamp="20210914 18:41:24.660" level="INFO">Selecting options from selection list 'id:expMonth' by index 10.</msg>
<status status="PASS" starttime="20210914 18:41:24.659" endtime="20210914 18:41:24.830"/>
</kw>
<kw name="Select From List By Index" library="SeleniumLibrary">
<arg>id:expYear</arg>
<arg>5</arg>
<doc>Selects options from selection list ``locator`` by ``indexes``.</doc>
<msg timestamp="20210914 18:41:24.831" level="INFO">Selecting options from selection list 'id:expYear' by index 5.</msg>
<status status="PASS" starttime="20210914 18:41:24.830" endtime="20210914 18:41:24.995"/>
</kw>
<status status="PASS" starttime="20210914 18:41:09.263" endtime="20210914 18:41:24.995"/>
</kw>
<kw name="Verify Submit Button" library="payment">
<kw name="Element Should Be Visible" library="SeleniumLibrary">
<arg>${submitbtn}</arg>
<arg>Submit Button is not displayed</arg>
<doc>Verifies that the element identified by ``locator`` is visible.</doc>
<msg timestamp="20210914 18:41:25.028" level="INFO">Element 'xpath://*[@id="completeButton"]' is displayed.</msg>
<status status="PASS" starttime="20210914 18:41:24.997" endtime="20210914 18:41:25.028"/>
</kw>
<kw name="Sleep" library="BuiltIn">
<arg>${QuickDelay}</arg>
<doc>Pauses the test executed for the given time.</doc>
<msg timestamp="20210914 18:41:26.029" level="INFO">Slept 1 second</msg>
<status status="PASS" starttime="20210914 18:41:25.029" endtime="20210914 18:41:26.030"/>
</kw>
<status status="PASS" starttime="20210914 18:41:24.996" endtime="20210914 18:41:26.030"/>
</kw>
<kw name="Click Submit Button" library="payment">
<kw name="Click Element" library="SeleniumLibrary">
<arg>${submitbtn}</arg>
<doc>Click the element identified by ``locator``.</doc>
<msg timestamp="20210914 18:41:26.032" level="INFO">Clicking element 'xpath://*[@id="completeButton"]'.</msg>
<status status="PASS" starttime="20210914 18:41:26.031" endtime="20210914 18:41:26.188"/>
</kw>
<kw name="Sleep" library="BuiltIn">
<arg>${QuickDelay}</arg>
<doc>Pauses the test executed for the given time.</doc>
<msg timestamp="20210914 18:41:27.223" level="INFO">Slept 1 second</msg>
<status status="PASS" starttime="20210914 18:41:26.220" endtime="20210914 18:41:27.223"/>
</kw>
<status status="PASS" starttime="20210914 18:41:26.030" endtime="20210914 18:41:27.223"/>
</kw>
<kw name="Close Website" library="DriverBuilder" type="TEARDOWN">
<kw name="Close Browser" library="SeleniumLibrary">
<doc>Closes the current browser.</doc>
<status status="PASS" starttime="20210914 18:41:27.225" endtime="20210914 18:41:28.202"/>
</kw>
<status status="PASS" starttime="20210914 18:41:27.224" endtime="20210914 18:41:28.203"/>
</kw>
<status status="PASS" starttime="20210914 18:39:22.338" endtime="20210914 18:41:28.203"/>
</test>
<status status="PASS" starttime="20210914 18:39:21.385" endtime="20210914 18:41:28.207"/>
</suite>
<statistics>
<total>
<stat pass="1" fail="0" skip="0">All Tests</stat>
</total>
<tag>
</tag>
<suite>
<stat pass="1" fail="0" skip="0" id="s1" name="Addtocart">Addtocart</stat>
</suite>
</statistics>
<errors>
<msg timestamp="20210914 18:39:21.426" level="ERROR">Error in file '/Users/dananjoyo_h/Desktop/Simplisafe/test/addtocart.robot' on line 3: Importing library 'seleniumlibrary' failed: ModuleNotFoundError: No module named 'seleniumlibrary'
Traceback (most recent call last):
  None
PYTHONPATH:
  /Library/Frameworks/Python.framework/Versions/3.9/bin
  /Library/Frameworks/Python.framework/Versions/3.9/lib/python39.zip
  /Library/Frameworks/Python.framework/Versions/3.9/lib/python3.9
  /Library/Frameworks/Python.framework/Versions/3.9/lib/python3.9/lib-dynload
  /Library/Frameworks/Python.framework/Versions/3.9/lib/python3.9/site-packages</msg>
</errors>
</robot>
